
==================================================
DATA: 2026-01-30 14:33:32.437406
URL: https://s.shopee.com.br/AABJyBpHD6
==================================================
--- DEBUG: Analisando HTML ---
[TITULO] og:title: <meta content="Faça Login e comece suas Compras | Shopee Brasil" data-rh="true" property="og:title"/>
[TITULO] twitter:title: None
[TITULO] tag <title>: <title>Faça Login e comece suas Compras | Shopee Brasil</title>
[TITULO] tag <h1>: None
[IMAGEM] og:image: <meta content="https://deo.shopeemobile.com/shopee/shopee-pcmall-live-sg/assets/42ba6075c82a85ab.png" data-rh="true" property="og:image"/>
[IMAGEM] twitter:image: None
[DESCRIÇÃO] og:description: <meta content="Faça login agora e descubra as melhores ofertas e os melhores preços na Shopee Brasil!" data-rh="true" property="og:description"/>
[DESCRIÇÃO] meta description: <meta content="Faça login agora e descubra as melhores ofertas e os melhores preços na Shopee Brasil!" data-rh="true" name="description"/>
--- FIM DEBUG ---

==================================================
DATA: 2026-01-30 14:37:40.330315
URL: https://s.shopee.com.br/AABJyBpHD6
==================================================
--- DEBUG: Analisando HTML ---
[TITULO] og:title: <meta content="Faça Login e comece suas Compras | Shopee Brasil" data-rh="true" property="og:title"/>
[TITULO] twitter:title: None
[TITULO] tag <title>: <title>Faça Login e comece suas Compras | Shopee Brasil</title>
[TITULO] tag <h1>: None
[IMAGEM] og:image: <meta content="https://deo.shopeemobile.com/shopee/shopee-pcmall-live-sg/assets/42ba6075c82a85ab.png" data-rh="true" property="og:image"/>
[IMAGEM] twitter:image: None
[DESCRIÇÃO] og:description: <meta content="Faça login agora e descubra as melhores ofertas e os melhores preços na Shopee Brasil!" data-rh="true" property="og:description"/>
[DESCRIÇÃO] meta description: <meta content="Faça login agora e descubra as melhores ofertas e os melhores preços na Shopee Brasil!" data-rh="true" name="description"/>
--- FIM DEBUG ---

==================================================
DATA: 2026-01-30 14:45:56.112306
URL: https://s.shopee.com.br/AABJyBpHD6
==================================================
--- DEBUG: Analisando HTML ---
[TITULO] og:title: <meta content="Faça Login e comece suas Compras | Shopee Brasil" data-rh="true" property="og:title"/>
[TITULO] twitter:title: None
[TITULO] tag <title>: <title>Faça Login e comece suas Compras | Shopee Brasil</title>
[TITULO] tag <h1>: None
[IMAGEM] og:image: <meta content="https://deo.shopeemobile.com/shopee/shopee-pcmall-live-sg/assets/42ba6075c82a85ab.png" data-rh="true" property="og:image"/>
[IMAGEM] twitter:image: None
[DESCRIÇÃO] og:description: <meta content="Faça login agora e descubra as melhores ofertas e os melhores preços na Shopee Brasil!" data-rh="true" property="og:description"/>
[DESCRIÇÃO] meta description: <meta content="Faça login agora e descubra as melhores ofertas e os melhores preços na Shopee Brasil!" data-rh="true" name="description"/>
--- FIM DEBUG ---

==================================================
DATA: 2026-01-30 14:47:12.207435
URL: https://s.shopee.com.br/AABJyBpHD6
==================================================
--- DEBUG: Analisando HTML ---
[TITULO] og:title: <meta content="Faça Login e comece suas Compras | Shopee Brasil" data-rh="true" property="og:title"/>
[TITULO] twitter:title: None
[TITULO] tag <title>: <title>Faça Login e comece suas Compras | Shopee Brasil</title>
[TITULO] tag <h1>: None
[IMAGEM] og:image: <meta content="https://deo.shopeemobile.com/shopee/shopee-pcmall-live-sg/assets/42ba6075c82a85ab.png" data-rh="true" property="og:image"/>
[IMAGEM] twitter:image: None
[DESCRIÇÃO] og:description: <meta content="Faça login agora e descubra as melhores ofertas e os melhores preços na Shopee Brasil!" data-rh="true" property="og:description"/>
[DESCRIÇÃO] meta description: <meta content="Faça login agora e descubra as melhores ofertas e os melhores preços na Shopee Brasil!" data-rh="true" name="description"/>
--- FIM DEBUG ---

==================================================
DATA: 2026-01-30 15:43:04.988165
URL: https://s.shopee.com.br/AABJyBpHD6
==================================================
--- DEBUG: Analisando HTML ---
[TITULO] og:title: <meta content="Shopee Brasil | Ofertas incríveis. Melhores preços do mercado" data-rh="true" property="og:title"/>
[TITULO] twitter:title: None
[TITULO] tag <title>: <title>Shopee Brasil | Ofertas incríveis. Melhores preços do mercado</title>
[TITULO] tag <h1>: <h1 class="eDksNk">Erro de Carregamento</h1>
[IMAGEM] og:image: None
[IMAGEM] twitter:image: None
[DESCRIÇÃO] og:description: None
[DESCRIÇÃO] meta description: None
--- FIM DEBUG ---

==================================================
DATA: 2026-01-30 15:51:52.965983
URL: https://s.shopee.com.br/AABJyBpHD6
==================================================
--- DEBUG: Analisando HTML ---
[TITULO] og:title: <meta content="Shopee Brasil | Ofertas incríveis. Melhores preços do mercado" data-rh="true" property="og:title"/>
[TITULO] twitter:title: None
[TITULO] tag <title>: <title>Shopee Brasil | Ofertas incríveis. Melhores preços do mercado</title>
[TITULO] tag <h1>: <h1 class="eDksNk">Erro de Carregamento</h1>
[IMAGEM] og:image: None
[IMAGEM] twitter:image: None
[DESCRIÇÃO] og:description: None
[DESCRIÇÃO] meta description: None
--- FIM DEBUG ---

==================================================
DATA: 2026-01-30 15:56:05.882407
URL: https://s.shopee.com.br/AABJyBpHD6
==================================================
--- DEBUG: Analisando HTML ---
[TITULO] og:title: <meta content="Shopee Brasil | Ofertas incríveis. Melhores preços do mercado" data-rh="true" property="og:title"/>
[TITULO] twitter:title: None
[TITULO] tag <title>: <title>Shopee Brasil | Ofertas incríveis. Melhores preços do mercado</title>
[TITULO] tag <h1>: <h1 class="eDksNk">Erro de Carregamento</h1>
[IMAGEM] og:image: None
[IMAGEM] twitter:image: None
[DESCRIÇÃO] og:description: None
[DESCRIÇÃO] meta description: None
[JSON-LD] Type: WebSite
--- FIM DEBUG ---

==================================================
DATA: 2026-01-30 16:07:33.588793
URL: https://s.shopee.com.br/AABJyBpHD6
==================================================
--- DEBUG: Analisando HTML ---
[TITULO] og:title: <meta content="Shopee Brasil | Ofertas incríveis. Melhores preços do mercado" data-rh="true" property="og:title"/>
[TITULO] twitter:title: None
[TITULO] tag <title>: <title>Shopee Brasil | Ofertas incríveis. Melhores preços do mercado</title>
[TITULO] tag <h1>: <h1 class="eDksNk">Erro de Carregamento</h1>
[IMAGEM] og:image: None
[IMAGEM] twitter:image: None
[DESCRIÇÃO] og:description: None
[DESCRIÇÃO] meta description: None
[JSON-LD] Type: WebSite
--- FIM DEBUG ---

==================================================
DATA: 2026-01-30 16:13:40.581130
URL: https://s.shopee.com.br/AABJyBpHD6
==================================================
--- DEBUG: Analisando HTML ---
[TITULO] og:title: <meta content="Shopee Brasil | Ofertas incríveis. Melhores preços do mercado" data-rh="true" property="og:title"/>
[TITULO] twitter:title: None
[TITULO] tag <title>: <title>Shopee Brasil | Ofertas incríveis. Melhores preços do mercado</title>
[TITULO] tag <h1>: <h1 class="eDksNk">Erro de Carregamento</h1>
[IMAGEM] og:image: None
[IMAGEM] twitter:image: None
[DESCRIÇÃO] og:description: None
[DESCRIÇÃO] meta description: None
[JSON-LD] Type: WebSite
--- FIM DEBUG ---
